#-----------------------------------------------------------
# PlanAhead v14.7 (64-bit)
# Build 321239 by xbuild on Fri Sep 27 19:24:36 MDT 2013
# Start of session at: Sun Dec  1 19:35:14 2019
# Process ID: 15255
# Log file: /media/yeetman/DATA/stuff/classes/ICOM5206/elevathor/planAhead_run_1/planAhead.log
# Journal file: /media/yeetman/DATA/stuff/classes/ICOM5206/elevathor/planAhead_run_1/planAhead.jou
#-----------------------------------------------------------
INFO: [Common 17-78] Attempting to get a license: PlanAhead
INFO: [Common 17-290] Got license for PlanAhead
INFO: [Device 21-36] Loading parts and site information from /opt/Xilinx/14.7/ISE_DS/PlanAhead/data/parts/arch.xml
Parsing RTL primitives file [/opt/Xilinx/14.7/ISE_DS/PlanAhead/data/parts/xilinx/rtl/prims/rtl_prims.xml]
Finished parsing RTL primitives file [/opt/Xilinx/14.7/ISE_DS/PlanAhead/data/parts/xilinx/rtl/prims/rtl_prims.xml]
start_gui
source /media/yeetman/DATA/stuff/classes/ICOM5206/elevathor/pa.fromNetlist.tcl
# create_project -name elevathor -dir "/media/yeetman/DATA/stuff/classes/ICOM5206/elevathor/planAhead_run_2" -part xc3s500efg320-4
INFO: [Common 17-41] Interrupt caught. Command should exit soon.
INFO: [Common 17-344] 'current_run' was cancelled
INFO: [Common 17-344] 'source' was cancelled
exit
ERROR: [#UNDEF] *** Exception: ui.h.b: Found deleted key in HTclEventBroker. Verify if the classes listed here call cleanup()
HTclEvent: SIGNAL_MODIFY   Classes: ui.views.aR 
HTclEvent: DEBUG_PORT_CONFIG_CHANGE   Classes: ui.views.aR 
HTclEvent: SIGNAL_BUS_MODIFY   Classes: ui.views.aR 
HTclEvent: DEBUG_CORE_CONFIG_CHANGE   Classes: ui.views.aR 
 (See /media/yeetman/DATA/stuff/classes/ICOM5206/elevathor/planAhead_pid15255.debug)
ERROR: [Common 17-39] 'stop_gui' failed due to earlier errors.
INFO: [Common 17-206] Exiting PlanAhead at Sun Dec  1 19:35:27 2019...
INFO: [Common 17-83] Releasing license: PlanAhead
